# JRE version: OpenJDK Runtime Environment (8.0_202-b03) (build 1.8.0_202-release-1483-b03)
# Java VM: OpenJDK 64-Bit Server VM (25.202-b03 mixed mode windows-amd64 compressed oops)
Heap:
 PSYoungGen      total 114688K, used 73647K [0x00000000e0000000, 0x00000000ea080000, 0x0000000100000000)
  eden space 103424K, 71% used [0x00000000e0000000,0x00000000e47ebeb8,0x00000000e6500000)
  from space 11264K, 0% used [0x00000000e6500000,0x00000000e6500000,0x00000000e7000000)
  to   space 11776K, 0% used [0x00000000e9500000,0x00000000e9500000,0x00000000ea080000)
 ParOldGen       total 93184K, used 16500K [0x00000000a0000000, 0x00000000a5b00000, 0x00000000e0000000)
  object space 93184K, 17% used [0x00000000a0000000,0x00000000a101d368,0x00000000a5b00000)
 Metaspace       used 43016K, capacity 43888K, committed 44072K, reserved 1087488K
  class space    used 5816K, capacity 6058K, committed 6184K, reserved 1048576K
GC Heap History (10 events):
Event: 5.734 GC heap before
{Heap before GC invocations=7 (full 1):
 PSYoungGen      total 76288K, used 7185K [0x00000000e0000000, 0x00000000e5500000, 0x0000000100000000)
  eden space 66560K, 0% used [0x00000000e0000000,0x00000000e0000000,0x00000000e4100000)
  from space 9728K, 73% used [0x00000000e4b80000,0x00000000e5284690,0x00000000e5500000)
  to   space 10240K, 0% used [0x00000000e4100000,0x00000000e4100000,0x00000000e4b00000)
 ParOldGen       total 87552K, used 8587K [0x00000000a0000000, 0x00000000a5580000, 0x00000000e0000000)
  object space 87552K, 9% used [0x00000000a0000000,0x00000000a0862cb0,0x00000000a5580000)
 Metaspace       used 20662K, capacity 21134K, committed 21296K, reserved 1067008K
  class space    used 2953K, capacity 3119K, committed 3200K, reserved 1048576K
Event: 5.796 GC heap after
Heap after GC invocations=7 (full 1):
 PSYoungGen      total 76288K, used 0K [0x00000000e0000000, 0x00000000e5500000, 0x0000000100000000)
  eden space 66560K, 0% used [0x00000000e0000000,0x00000000e0000000,0x00000000e4100000)
  from space 9728K, 0% used [0x00000000e4b80000,0x00000000e4b80000,0x00000000e5500000)
  to   space 10240K, 0% used [0x00000000e4100000,0x00000000e4100000,0x00000000e4b00000)
 ParOldGen       total 60416K, used 8359K [0x00000000a0000000, 0x00000000a3b00000, 0x00000000e0000000)
  object space 60416K, 13% used [0x00000000a0000000,0x00000000a0829c68,0x00000000a3b00000)
 Metaspace       used 20662K, capacity 21134K, committed 21296K, reserved 1067008K
  class space    used 2953K, capacity 3119K, committed 3200K, reserved 1048576K
}
Event: 7.471 GC heap before
{Heap before GC invocations=8 (full 1):
 PSYoungGen      total 76288K, used 66560K [0x00000000e0000000, 0x00000000e5500000, 0x0000000100000000)
  eden space 66560K, 100% used [0x00000000e0000000,0x00000000e4100000,0x00000000e4100000)
  from space 9728K, 0% used [0x00000000e4b80000,0x00000000e4b80000,0x00000000e5500000)
  to   space 10240K, 0% used [0x00000000e4100000,0x00000000e4100000,0x00000000e4b00000)
 ParOldGen       total 60416K, used 8359K [0x00000000a0000000, 0x00000000a3b00000, 0x00000000e0000000)
  object space 60416K, 13% used [0x00000000a0000000,0x00000000a0829c68,0x00000000a3b00000)
 Metaspace       used 29099K, capacity 29608K, committed 30080K, reserved 1075200K
  class space    used 3925K, capacity 4098K, committed 4224K, reserved 1048576K
Event: 7.483 GC heap after
Heap after GC invocations=8 (full 1):
 PSYoungGen      total 76800K, used 8135K [0x00000000e0000000, 0x00000000e7a80000, 0x0000000100000000)
  eden space 66560K, 0% used [0x00000000e0000000,0x00000000e0000000,0x00000000e4100000)
  from space 10240K, 79% used [0x00000000e4100000,0x00000000e48f1e48,0x00000000e4b00000)
  to   space 10752K, 0% used [0x00000000e7000000,0x00000000e7000000,0x00000000e7a80000)
 ParOldGen       total 60416K, used 8367K [0x00000000a0000000, 0x00000000a3b00000, 0x00000000e0000000)
  object space 60416K, 13% used [0x00000000a0000000,0x00000000a082bc68,0x00000000a3b00000)
 Metaspace       used 29099K, capacity 29608K, committed 30080K, reserved 1075200K
  class space    used 3925K, capacity 4098K, committed 4224K, reserved 1048576K
}
Event: 9.014 GC heap before
{Heap before GC invocations=9 (full 1):
 PSYoungGen      total 76800K, used 74695K [0x00000000e0000000, 0x00000000e7a80000, 0x0000000100000000)
  eden space 66560K, 100% used [0x00000000e0000000,0x00000000e4100000,0x00000000e4100000)
  from space 10240K, 79% used [0x00000000e4100000,0x00000000e48f1e48,0x00000000e4b00000)
  to   space 10752K, 0% used [0x00000000e7000000,0x00000000e7000000,0x00000000e7a80000)
 ParOldGen       total 60416K, used 8367K [0x00000000a0000000, 0x00000000a3b00000, 0x00000000e0000000)
  object space 60416K, 13% used [0x00000000a0000000,0x00000000a082bc68,0x00000000a3b00000)
 Metaspace       used 32431K, capacity 32998K, committed 33408K, reserved 1077248K
  class space    used 4466K, capacity 4652K, committed 4736K, reserved 1048576K
Event: 9.032 GC heap after
Heap after GC invocations=9 (full 1):
 PSYoungGen      total 114176K, used 8714K [0x00000000e0000000, 0x00000000e7b00000, 0x0000000100000000)
  eden space 103424K, 0% used [0x00000000e0000000,0x00000000e0000000,0x00000000e6500000)
  from space 10752K, 81% used [0x00000000e7000000,0x00000000e7882890,0x00000000e7a80000)
  to   space 11264K, 0% used [0x00000000e6500000,0x00000000e6500000,0x00000000e7000000)
 ParOldGen       total 60416K, used 8375K [0x00000000a0000000, 0x00000000a3b00000, 0x00000000e0000000)
  object space 60416K, 13% used [0x00000000a0000000,0x00000000a082dc68,0x00000000a3b00000)
 Metaspace       used 32431K, capacity 32998K, committed 33408K, reserved 1077248K
  class space    used 4466K, capacity 4652K, committed 4736K, reserved 1048576K
}
Event: 11.300 GC heap before
{Heap before GC invocations=10 (full 1):
 PSYoungGen      total 114176K, used 57121K [0x00000000e0000000, 0x00000000e7b00000, 0x0000000100000000)
  eden space 103424K, 46% used [0x00000000e0000000,0x00000000e2f45ed0,0x00000000e6500000)
  from space 10752K, 81% used [0x00000000e7000000,0x00000000e7882890,0x00000000e7a80000)
  to   space 11264K, 0% used [0x00000000e6500000,0x00000000e6500000,0x00000000e7000000)
 ParOldGen       total 60416K, used 8375K [0x00000000a0000000, 0x00000000a3b00000, 0x00000000e0000000)
  object space 60416K, 13% used [0x00000000a0000000,0x00000000a082dc68,0x00000000a3b00000)
 Metaspace       used 34710K, capacity 35438K, committed 35496K, reserved 1079296K
  class space    used 4783K, capacity 4998K, committed 5032K, reserved 1048576K
Event: 11.355 GC heap after
Heap after GC invocations=10 (full 1):
 PSYoungGen      total 114688K, used 9583K [0x00000000e0000000, 0x00000000ea080000, 0x0000000100000000)
  eden space 103424K, 0% used [0x00000000e0000000,0x00000000e0000000,0x00000000e6500000)
  from space 11264K, 85% used [0x00000000e6500000,0x00000000e6e5bee8,0x00000000e7000000)
  to   space 11776K, 0% used [0x00000000e9500000,0x00000000e9500000,0x00000000ea080000)
 ParOldGen       total 60416K, used 8383K [0x00000000a0000000, 0x00000000a3b00000, 0x00000000e0000000)
  object space 60416K, 13% used [0x00000000a0000000,0x00000000a082fc68,0x00000000a3b00000)
 Metaspace       used 34710K, capacity 35438K, committed 35496K, reserved 1079296K
  class space    used 4783K, capacity 4998K, committed 5032K, reserved 1048576K
}
Event: 11.355 GC heap before
{Heap before GC invocations=11 (full 2):
 PSYoungGen      total 114688K, used 9583K [0x00000000e0000000, 0x00000000ea080000, 0x0000000100000000)
  eden space 103424K, 0% used [0x00000000e0000000,0x00000000e0000000,0x00000000e6500000)
  from space 11264K, 85% used [0x00000000e6500000,0x00000000e6e5bee8,0x00000000e7000000)
  to   space 11776K, 0% used [0x00000000e9500000,0x00000000e9500000,0x00000000ea080000)
 ParOldGen       total 60416K, used 8383K [0x00000000a0000000, 0x00000000a3b00000, 0x00000000e0000000)
  object space 60416K, 13% used [0x00000000a0000000,0x00000000a082fc68,0x00000000a3b00000)
 Metaspace       used 34710K, capacity 35438K, committed 35496K, reserved 1079296K
  class space    used 4783K, capacity 4998K, committed 5032K, reserved 1048576K
Event: 11.497 GC heap after
Heap after GC invocations=11 (full 2):
 PSYoungGen      total 114688K, used 0K [0x00000000e0000000, 0x00000000ea080000, 0x0000000100000000)
  eden space 103424K, 0% used [0x00000000e0000000,0x00000000e0000000,0x00000000e6500000)
  from space 11264K, 0% used [0x00000000e6500000,0x00000000e6500000,0x00000000e7000000)
  to   space 11776K, 0% used [0x00000000e9500000,0x00000000e9500000,0x00000000ea080000)
 ParOldGen       total 93184K, used 16500K [0x00000000a0000000, 0x00000000a5b00000, 0x00000000e0000000)
  object space 93184K, 17% used [0x00000000a0000000,0x00000000a101d368,0x00000000a5b00000)
 Metaspace       used 34696K, capacity 35390K, committed 35496K, reserved 1079296K
  class space    used 4778K, capacity 4990K, committed 5032K, reserved 1048576K
}

